<?xml version="1.0" encoding="UTF-8"?>
<!-- Generated by org.testng.reporters.JUnitReportReporter -->
<testsuite skipped="0" hostname="COMPUTER" name="script.Demo5" tests="2" failures="0" timestamp="10 May 2022 03:09:35 GMT" time="0.960" errors="0">
  <testcase name="test_report" time="0.730" classname="script.Demo5"/>
  <testcase name="test_report" time="0.230" classname="script.Demo5"/>
</testsuite> <!-- script.Demo5 -->
