<?xml version="1.0" encoding="UTF-8"?>
<!-- Generated by org.testng.reporters.JUnitReportReporter -->
<testsuite skipped="0" hostname="COMPUTER" name="script.Demo2" tests="6" failures="0" timestamp="10 May 2022 03:16:53 GMT" time="56.321" errors="0">
  <testcase name="test2" time="9.598" classname="script.Demo2"/>
  <testcase name="test2" time="9.448" classname="script.Demo2"/>
  <testcase name="test2" time="8.881" classname="script.Demo2"/>
  <testcase name="test2" time="9.644" classname="script.Demo2"/>
  <testcase name="test2" time="9.165" classname="script.Demo2"/>
  <testcase name="test2" time="9.585" classname="script.Demo2"/>
</testsuite> <!-- script.Demo2 -->
