<?xml version="1.0" encoding="UTF-8"?>
<!-- Generated by org.testng.reporters.JUnitReportReporter -->
<testsuite skipped="0" hostname="COMPUTER" name="script.ValidLogin" tests="1" failures="0" timestamp="13 May 2022 02:26:40 GMT" time="102.607" errors="0">
  <testcase name="testValidLogin" time="102.607" classname="script.ValidLogin"/>
</testsuite> <!-- script.ValidLogin -->
