<?xml version="1.0" encoding="UTF-8"?>
<!-- Generated by org.testng.reporters.JUnitReportReporter -->
<testsuite skipped="0" hostname="COMPUTER" name="script.Demo4" tests="4" failures="0" timestamp="10 May 2022 03:09:35 GMT" time="0.029" errors="0">
  <testcase name="testA" time="0.007" classname="script.Demo4"/>
  <testcase name="testB" time="0.004" classname="script.Demo4"/>
  <testcase name="testA" time="0.011" classname="script.Demo4"/>
  <testcase name="testB" time="0.007" classname="script.Demo4"/>
</testsuite> <!-- script.Demo4 -->
