<?xml version="1.0" encoding="UTF-8"?>
<!-- Generated by org.testng.reporters.JUnitReportReporter -->
<testsuite skipped="0" hostname="COMPUTER" name="script.Demo3" tests="6" failures="0" timestamp="10 May 2022 03:16:53 GMT" time="56.668" errors="0">
  <testcase name="test3" time="9.944" classname="script.Demo3"/>
  <testcase name="test3" time="8.781" classname="script.Demo3"/>
  <testcase name="test3" time="9.582" classname="script.Demo3"/>
  <testcase name="test3" time="9.389" classname="script.Demo3"/>
  <testcase name="test3" time="8.992" classname="script.Demo3"/>
  <testcase name="test3" time="9.980" classname="script.Demo3"/>
</testsuite> <!-- script.Demo3 -->
